This is XeTeX, Version 3.14159265-2.6-0.999991 (MiKTeX 2.9.7000 64-bit) (preloaded format=xelatex 2019.4.11)  10 DEC 2019 12:28
entering extended mode
**./toefl.tex
(toefl.tex
LaTeX2e <2018-12-01>
("C:\Program Files\MiKTeX 2.9\tex/latex/beamer\beamer.cls"
Document Class: beamer 2018/12/02 v3.55 A class for typesetting presentations
("C:\Program Files\MiKTeX 2.9\tex/latex/beamer\beamerbasemodes.sty" ("C:\Progra
m Files\MiKTeX 2.9\tex/latex/etoolbox\etoolbox.sty"
Package: etoolbox 2018/08/19 v2.5f e-TeX tools for LaTeX (JAW)
\etb@tempcnta=\count80
)
\beamer@tempbox=\box27
\beamer@tempcount=\count81
\c@beamerpauses=\count82
("C:\Program Files\MiKTeX 2.9\tex/latex/beamer\beamerbasedecode.sty"
\beamer@slideinframe=\count83
\beamer@minimum=\count84
)
\beamer@commentbox=\box28
\beamer@modecount=\count85
) ("C:\Program Files\MiKTeX 2.9\tex/generic/oberdiek\ifpdf.sty"
Package: ifpdf 2018/09/07 v3.3 Provides the ifpdf switch
)
\headdp=\dimen102
\footheight=\dimen103
\sidebarheight=\dimen104
\beamer@tempdim=\dimen105
\beamer@finalheight=\dimen106
\beamer@animht=\dimen107
\beamer@animdp=\dimen108
\beamer@animwd=\dimen109
\beamer@leftmargin=\dimen110
\beamer@rightmargin=\dimen111
\beamer@leftsidebar=\dimen112
\beamer@rightsidebar=\dimen113
\beamer@boxsize=\dimen114
\beamer@vboxoffset=\dimen115
\beamer@descdefault=\dimen116
\beamer@descriptionwidth=\dimen117
\beamer@lastskip=\skip41
\beamer@areabox=\box29
\beamer@animcurrent=\box30
\beamer@animshowbox=\box31
\beamer@sectionbox=\box32
\beamer@logobox=\box33
\beamer@linebox=\box34
\beamer@sectioncount=\count86
\beamer@subsubsectionmax=\count87
\beamer@subsectionmax=\count88
\beamer@sectionmax=\count89
\beamer@totalheads=\count90
\beamer@headcounter=\count91
\beamer@partstartpage=\count92
\beamer@sectionstartpage=\count93
\beamer@subsectionstartpage=\count94
\beamer@animationtempa=\count95
\beamer@animationtempb=\count96
\beamer@xpos=\count97
\beamer@ypos=\count98
\beamer@ypos@offset=\count99
\beamer@showpartnumber=\count100
\beamer@currentsubsection=\count101
\beamer@coveringdepth=\count102
\beamer@sectionadjust=\count103
\beamer@tocsectionnumber=\count104
("C:\Program Files\MiKTeX 2.9\tex/latex/beamer\beamerbaseoptions.sty" ("C:\Prog
ram Files\MiKTeX 2.9\tex/latex/graphics\keyval.sty"
Package: keyval 2014/10/28 v1.15 key=value parser (DPC)
\KV@toks@=\toks14
))
\beamer@paperwidth=\skip42
\beamer@paperheight=\skip43
("C:\Program Files\MiKTeX 2.9\tex/latex/geometry\geometry.sty"
Package: geometry 2018/04/16 v5.8 Page Geometry
("C:\Program Files\MiKTeX 2.9\tex/generic/oberdiek\ifvtex.sty"
Package: ifvtex 2016/05/16 v1.6 Detect VTeX and its facilities (HO)
Package ifvtex Info: VTeX not detected.
) ("C:\Program Files\MiKTeX 2.9\tex/generic/ifxetex\ifxetex.sty"
Package: ifxetex 2010/09/12 v0.6 Provides ifxetex conditional
)
\Gm@cnth=\count105
\Gm@cntv=\count106
\c@Gm@tempcnt=\count107
\Gm@bindingoffset=\dimen118
\Gm@wd@mp=\dimen119
\Gm@odd@mp=\dimen120
\Gm@even@mp=\dimen121
\Gm@layoutwidth=\dimen122
\Gm@layoutheight=\dimen123
\Gm@layouthoffset=\dimen124
\Gm@layoutvoffset=\dimen125
\Gm@dimlist=\toks15
("C:\Program Files\MiKTeX 2.9\tex/xelatex/xetexconfig\geometry.cfg")) ("C:\Prog
ram Files\MiKTeX 2.9\tex/latex/base\size11.clo"
File: size11.clo 2018/09/03 v1.4i Standard LaTeX file (size option)
) ("C:\Program Files\MiKTeX 2.9\tex/latex/pgf/basiclayer\pgfcore.sty" ("C:\Prog
ram Files\MiKTeX 2.9\tex/latex/graphics\graphicx.sty"
Package: graphicx 2017/06/01 v1.1a Enhanced LaTeX Graphics (DPC,SPQR)
("C:\Program Files\MiKTeX 2.9\tex/latex/graphics\graphics.sty"
Package: graphics 2017/06/25 v1.2c Standard LaTeX Graphics (DPC,SPQR)
("C:\Program Files\MiKTeX 2.9\tex/latex/graphics\trig.sty"
Package: trig 2016/01/03 v1.10 sin cos tan (DPC)
) ("C:\Program Files\MiKTeX 2.9\tex/latex/graphics-cfg\graphics.cfg"
File: graphics.cfg 2016/06/04 v1.11 sample graphics configuration
)
Package graphics Info: Driver file: xetex.def on input line 99.
("C:\Program Files\MiKTeX 2.9\tex/latex/graphics-def\xetex.def"
File: xetex.def 2017/06/24 v5.0h Graphics/color driver for xetex
))
\Gin@req@height=\dimen126
\Gin@req@width=\dimen127
) ("C:\Program Files\MiKTeX 2.9\tex/latex/pgf/systemlayer\pgfsys.sty" ("C:\Prog
ram Files\MiKTeX 2.9\tex/latex/pgf/utilities\pgfrcs.sty" ("C:\Program Files\MiK
TeX 2.9\tex/generic/pgf/utilities\pgfutil-common.tex"
\pgfutil@everybye=\toks16
\pgfutil@tempdima=\dimen128
\pgfutil@tempdimb=\dimen129

("C:\Program Files\MiKTeX 2.9\tex/generic/pgf/utilities\pgfutil-common-lists.te
x")) ("C:\Program Files\MiKTeX 2.9\tex/generic/pgf/utilities\pgfutil-latex.def"
\pgfutil@abb=\box35
("C:\Program Files\MiKTeX 2.9\tex/latex/ms\everyshi.sty"
Package: everyshi 2001/05/15 v3.00 EveryShipout Package (MS)
)) ("C:\Program Files\MiKTeX 2.9\tex/generic/pgf/utilities\pgfrcs.code.tex" ("C
:\Program Files\MiKTeX 2.9\tex/generic/pgf\pgf.revision.tex")
Package: pgfrcs 2019/04/04 v3.1.2 (3.1.2)
)) ("C:\Program Files\MiKTeX 2.9\tex/generic/pgf/systemlayer\pgfsys.code.tex"
Package: pgfsys 2019/04/04 v3.1.2 (3.1.2)
("C:\Program Files\MiKTeX 2.9\tex/generic/pgf/utilities\pgfkeys.code.tex"
\pgfkeys@pathtoks=\toks17
\pgfkeys@temptoks=\toks18

("C:\Program Files\MiKTeX 2.9\tex/generic/pgf/utilities\pgfkeysfiltered.code.te
x"
\pgfkeys@tmptoks=\toks19
))
\pgf@x=\dimen130
\pgf@y=\dimen131
\pgf@xa=\dimen132
\pgf@ya=\dimen133
\pgf@xb=\dimen134
\pgf@yb=\dimen135
\pgf@xc=\dimen136
\pgf@yc=\dimen137
\w@pgf@writea=\write3
\r@pgf@reada=\read1
\c@pgf@counta=\count108
\c@pgf@countb=\count109
\c@pgf@countc=\count110
\c@pgf@countd=\count111
\t@pgf@toka=\toks20
\t@pgf@tokb=\toks21
\t@pgf@tokc=\toks22
\pgf@sys@id@count=\count112
("C:\Program Files\MiKTeX 2.9\tex/generic/pgf/systemlayer\pgf.cfg"
File: pgf.cfg 2019/04/04 v3.1.2 (3.1.2)
)
Driver file for pgf: pgfsys-xetex.def
("C:\Program Files\MiKTeX 2.9\tex/generic/pgf/systemlayer\pgfsys-xetex.def"
File: pgfsys-xetex.def 2019/04/04 v3.1.2 (3.1.2)
("C:\Program Files\MiKTeX 2.9\tex/generic/pgf/systemlayer\pgfsys-dvipdfmx.def"
File: pgfsys-dvipdfmx.def 2019/04/04 v3.1.2 (3.1.2)
("C:\Program Files\MiKTeX 2.9\tex/generic/pgf/systemlayer\pgfsys-common-pdf.def
"
File: pgfsys-common-pdf.def 2019/04/04 v3.1.2 (3.1.2)
)
\pgfsys@objnum=\count113
)))
("C:\Program Files\MiKTeX 2.9\tex/generic/pgf/systemlayer\pgfsyssoftpath.code.t
ex"
File: pgfsyssoftpath.code.tex 2019/04/04 v3.1.2 (3.1.2)
\pgfsyssoftpath@smallbuffer@items=\count114
\pgfsyssoftpath@bigbuffer@items=\count115
)
("C:\Program Files\MiKTeX 2.9\tex/generic/pgf/systemlayer\pgfsysprotocol.code.t
ex"
File: pgfsysprotocol.code.tex 2019/04/04 v3.1.2 (3.1.2)
)) ("C:\Program Files\MiKTeX 2.9\tex/latex/xcolor\xcolor.sty"
Package: xcolor 2016/05/11 v2.12 LaTeX color extensions (UK)
("C:\Program Files\MiKTeX 2.9\tex/latex/graphics-cfg\color.cfg"
File: color.cfg 2016/01/02 v1.6 sample color configuration
)
Package xcolor Info: Driver file: xetex.def on input line 225.
Package xcolor Info: Model `cmy' substituted by `cmy0' on input line 1348.
Package xcolor Info: Model `RGB' extended on input line 1364.
Package xcolor Info: Model `HTML' substituted by `rgb' on input line 1366.
Package xcolor Info: Model `Hsb' substituted by `hsb' on input line 1367.
Package xcolor Info: Model `tHsb' substituted by `hsb' on input line 1368.
Package xcolor Info: Model `HSB' substituted by `hsb' on input line 1369.
Package xcolor Info: Model `Gray' substituted by `gray' on input line 1370.
Package xcolor Info: Model `wave' substituted by `hsb' on input line 1371.
) ("C:\Program Files\MiKTeX 2.9\tex/generic/pgf/basiclayer\pgfcore.code.tex"
Package: pgfcore 2019/04/04 v3.1.2 (3.1.2)
("C:\Program Files\MiKTeX 2.9\tex/generic/pgf/math\pgfmath.code.tex" ("C:\Progr
am Files\MiKTeX 2.9\tex/generic/pgf/math\pgfmathcalc.code.tex" ("C:\Program Fil
es\MiKTeX 2.9\tex/generic/pgf/math\pgfmathutil.code.tex") ("C:\Program Files\Mi
KTeX 2.9\tex/generic/pgf/math\pgfmathparser.code.tex"
\pgfmath@dimen=\dimen138
\pgfmath@count=\count116
\pgfmath@box=\box36
\pgfmath@toks=\toks23
\pgfmath@stack@operand=\toks24
\pgfmath@stack@operation=\toks25
) ("C:\Program Files\MiKTeX 2.9\tex/generic/pgf/math\pgfmathfunctions.code.tex"

("C:\Program Files\MiKTeX 2.9\tex/generic/pgf/math\pgfmathfunctions.basic.code.
tex")
("C:\Program Files\MiKTeX 2.9\tex/generic/pgf/math\pgfmathfunctions.trigonometr
ic.code.tex")
("C:\Program Files\MiKTeX 2.9\tex/generic/pgf/math\pgfmathfunctions.random.code
.tex")
("C:\Program Files\MiKTeX 2.9\tex/generic/pgf/math\pgfmathfunctions.comparison.
code.tex")
("C:\Program Files\MiKTeX 2.9\tex/generic/pgf/math\pgfmathfunctions.base.code.t
ex")
("C:\Program Files\MiKTeX 2.9\tex/generic/pgf/math\pgfmathfunctions.round.code.
tex")
("C:\Program Files\MiKTeX 2.9\tex/generic/pgf/math\pgfmathfunctions.misc.code.t
ex")
("C:\Program Files\MiKTeX 2.9\tex/generic/pgf/math\pgfmathfunctions.integerarit
hmetics.code.tex"))) ("C:\Program Files\MiKTeX 2.9\tex/generic/pgf/math\pgfmath
float.code.tex"
\c@pgfmathroundto@lastzeros=\count117
)) ("C:\Program Files\MiKTeX 2.9\tex/generic/pgf/basiclayer\pgfcorepoints.code.
tex"
File: pgfcorepoints.code.tex 2019/04/04 v3.1.2 (3.1.2)
\pgf@picminx=\dimen139
\pgf@picmaxx=\dimen140
\pgf@picminy=\dimen141
\pgf@picmaxy=\dimen142
\pgf@pathminx=\dimen143
\pgf@pathmaxx=\dimen144
\pgf@pathminy=\dimen145
\pgf@pathmaxy=\dimen146
\pgf@xx=\dimen147
\pgf@xy=\dimen148
\pgf@yx=\dimen149
\pgf@yy=\dimen150
\pgf@zx=\dimen151
\pgf@zy=\dimen152
)
("C:\Program Files\MiKTeX 2.9\tex/generic/pgf/basiclayer\pgfcorepathconstruct.c
ode.tex"
File: pgfcorepathconstruct.code.tex 2019/04/04 v3.1.2 (3.1.2)
\pgf@path@lastx=\dimen153
\pgf@path@lasty=\dimen154
)
("C:\Program Files\MiKTeX 2.9\tex/generic/pgf/basiclayer\pgfcorepathusage.code.
tex"
File: pgfcorepathusage.code.tex 2019/04/04 v3.1.2 (3.1.2)
\pgf@shorten@end@additional=\dimen155
\pgf@shorten@start@additional=\dimen156
) ("C:\Program Files\MiKTeX 2.9\tex/generic/pgf/basiclayer\pgfcorescopes.code.t
ex"
File: pgfcorescopes.code.tex 2019/04/04 v3.1.2 (3.1.2)
\pgfpic=\box37
\pgf@hbox=\box38
\pgf@layerbox@main=\box39
\pgf@picture@serial@count=\count118
)
("C:\Program Files\MiKTeX 2.9\tex/generic/pgf/basiclayer\pgfcoregraphicstate.co
de.tex"
File: pgfcoregraphicstate.code.tex 2019/04/04 v3.1.2 (3.1.2)
\pgflinewidth=\dimen157
)
("C:\Program Files\MiKTeX 2.9\tex/generic/pgf/basiclayer\pgfcoretransformations
.code.tex"
File: pgfcoretransformations.code.tex 2019/04/04 v3.1.2 (3.1.2)
\pgf@pt@x=\dimen158
\pgf@pt@y=\dimen159
\pgf@pt@temp=\dimen160
) ("C:\Program Files\MiKTeX 2.9\tex/generic/pgf/basiclayer\pgfcorequick.code.te
x"
File: pgfcorequick.code.tex 2019/04/04 v3.1.2 (3.1.2)
)
("C:\Program Files\MiKTeX 2.9\tex/generic/pgf/basiclayer\pgfcoreobjects.code.te
x"
File: pgfcoreobjects.code.tex 2019/04/04 v3.1.2 (3.1.2)
)
("C:\Program Files\MiKTeX 2.9\tex/generic/pgf/basiclayer\pgfcorepathprocessing.
code.tex"
File: pgfcorepathprocessing.code.tex 2019/04/04 v3.1.2 (3.1.2)
) ("C:\Program Files\MiKTeX 2.9\tex/generic/pgf/basiclayer\pgfcorearrows.code.t
ex"
File: pgfcorearrows.code.tex 2019/04/04 v3.1.2 (3.1.2)
\pgfarrowsep=\dimen161
) ("C:\Program Files\MiKTeX 2.9\tex/generic/pgf/basiclayer\pgfcoreshade.code.te
x"
File: pgfcoreshade.code.tex 2019/04/04 v3.1.2 (3.1.2)
\pgf@max=\dimen162
\pgf@sys@shading@range@num=\count119
\pgf@shadingcount=\count120
) ("C:\Program Files\MiKTeX 2.9\tex/generic/pgf/basiclayer\pgfcoreimage.code.te
x"
File: pgfcoreimage.code.tex 2019/04/04 v3.1.2 (3.1.2)

("C:\Program Files\MiKTeX 2.9\tex/generic/pgf/basiclayer\pgfcoreexternal.code.t
ex"
File: pgfcoreexternal.code.tex 2019/04/04 v3.1.2 (3.1.2)
\pgfexternal@startupbox=\box40
)) ("C:\Program Files\MiKTeX 2.9\tex/generic/pgf/basiclayer\pgfcorelayers.code.
tex"
File: pgfcorelayers.code.tex 2019/04/04 v3.1.2 (3.1.2)
)
("C:\Program Files\MiKTeX 2.9\tex/generic/pgf/basiclayer\pgfcoretransparency.co
de.tex"
File: pgfcoretransparency.code.tex 2019/04/04 v3.1.2 (3.1.2)
)
("C:\Program Files\MiKTeX 2.9\tex/generic/pgf/basiclayer\pgfcorepatterns.code.t
ex"
File: pgfcorepatterns.code.tex 2019/04/04 v3.1.2 (3.1.2)
) ("C:\Program Files\MiKTeX 2.9\tex/generic/pgf/basiclayer\pgfcorerdf.code.tex"
File: pgfcorerdf.code.tex 2019/04/04 v3.1.2 (3.1.2)
))) ("C:\Program Files\MiKTeX 2.9\tex/latex/pgf/utilities\xxcolor.sty"
Package: xxcolor 2003/10/24 ver 0.1
\XC@nummixins=\count121
\XC@countmixins=\count122
) ("C:\Program Files\MiKTeX 2.9\tex/generic/oberdiek\atbegshi.sty"
Package: atbegshi 2016/06/09 v1.18 At begin shipout hook (HO)
("C:\Program Files\MiKTeX 2.9\tex/generic/oberdiek\infwarerr.sty"
Package: infwarerr 2016/05/16 v1.4 Providing info/warning/error messages (HO)
) ("C:\Program Files\MiKTeX 2.9\tex/generic/oberdiek\ltxcmds.sty"
Package: ltxcmds 2016/05/16 v1.23 LaTeX kernel commands for general use (HO)
)) ("C:\Program Files\MiKTeX 2.9\tex/latex/hyperref\hyperref.sty"
Package: hyperref 2018/11/30 v6.88e Hypertext links for LaTeX
("C:\Program Files\MiKTeX 2.9\tex/generic/oberdiek\hobsub-hyperref.sty"
Package: hobsub-hyperref 2016/05/16 v1.14 Bundle oberdiek, subset hyperref (HO)

("C:\Program Files\MiKTeX 2.9\tex/generic/oberdiek\hobsub-generic.sty"
Package: hobsub-generic 2016/05/16 v1.14 Bundle oberdiek, subset generic (HO)
Package: hobsub 2016/05/16 v1.14 Construct package bundles (HO)
Package hobsub Info: Skipping package `infwarerr' (already loaded).
Package hobsub Info: Skipping package `ltxcmds' (already loaded).
Package: ifluatex 2016/05/16 v1.4 Provides the ifluatex switch (HO)
Package ifluatex Info: LuaTeX not detected.
Package hobsub Info: Skipping package `ifvtex' (already loaded).
Package: intcalc 2016/05/16 v1.2 Expandable calculations with integers (HO)
Package hobsub Info: Skipping package `ifpdf' (already loaded).
Package: etexcmds 2016/05/16 v1.6 Avoid name clashes with e-TeX commands (HO)
Package: kvsetkeys 2016/05/16 v1.17 Key value parser (HO)
Package: kvdefinekeys 2016/05/16 v1.4 Define keys (HO)
Package: pdftexcmds 2018/09/10 v0.29 Utility functions of pdfTeX for LuaTeX (HO
)
Package pdftexcmds Info: LuaTeX not detected.
Package pdftexcmds Info: pdfTeX >= 1.30 not detected.
Package pdftexcmds Info: \pdf@primitive is available.
Package pdftexcmds Info: \pdf@ifprimitive is available.
Package pdftexcmds Info: \pdfdraftmode not found.
Package: pdfescape 2016/05/16 v1.14 Implements pdfTeX's escape features (HO)
Package: bigintcalc 2016/05/16 v1.4 Expandable calculations on big integers (HO
)
Package: bitset 2016/05/16 v1.2 Handle bit-vector datatype (HO)
Package: uniquecounter 2016/05/16 v1.3 Provide unlimited unique counter (HO)
)
Package hobsub Info: Skipping package `hobsub' (already loaded).
Package: letltxmacro 2016/05/16 v1.5 Let assignment for LaTeX macros (HO)
Package: hopatch 2016/05/16 v1.3 Wrapper for package hooks (HO)
Package: xcolor-patch 2016/05/16 xcolor patch
Package: atveryend 2016/05/16 v1.9 Hooks at the very end of document (HO)
Package hobsub Info: Skipping package `atbegshi' (already loaded).
Package: refcount 2016/05/16 v3.5 Data extraction from label references (HO)
Package: hycolor 2016/05/16 v1.8 Color options for hyperref/bookmark (HO)
) ("C:\Program Files\MiKTeX 2.9\tex/latex/oberdiek\auxhook.sty"
Package: auxhook 2016/05/16 v1.4 Hooks for auxiliary files (HO)
) ("C:\Program Files\MiKTeX 2.9\tex/latex/oberdiek\kvoptions.sty"
Package: kvoptions 2016/05/16 v3.12 Key value format for package options (HO)
)
\@linkdim=\dimen163
\Hy@linkcounter=\count123
\Hy@pagecounter=\count124
("C:\Program Files\MiKTeX 2.9\tex/latex/hyperref\pd1enc.def"
File: pd1enc.def 2018/11/30 v6.88e Hyperref: PDFDocEncoding definition (HO)
)
\Hy@SavedSpaceFactor=\count125
("C:\Program Files\MiKTeX 2.9\tex/latex/00miktex\hyperref.cfg"
File: hyperref.cfg 2002/06/06 v1.2 hyperref configuration of TeXLive
)
Package hyperref Info: Option `bookmarks' set `true' on input line 4393.
Package hyperref Info: Option `bookmarksopen' set `true' on input line 4393.
Package hyperref Info: Option `implicit' set `false' on input line 4393.
Package hyperref Info: Hyper figures OFF on input line 4519.
Package hyperref Info: Link nesting OFF on input line 4524.
Package hyperref Info: Hyper index ON on input line 4527.
Package hyperref Info: Plain pages OFF on input line 4534.
Package hyperref Info: Backreferencing OFF on input line 4539.
Package hyperref Info: Implicit mode OFF; no redefinition of LaTeX internals.
Package hyperref Info: Bookmarks ON on input line 4772.
\c@Hy@tempcnt=\count126
("C:\Program Files\MiKTeX 2.9\tex/latex/url\url.sty"
\Urlmuskip=\muskip10
Package: url 2013/09/16  ver 3.4  Verb mode for urls, etc.
)
LaTeX Info: Redefining \url on input line 5125.
\XeTeXLinkMargin=\dimen164
\Fld@menulength=\count127
\Field@Width=\dimen165
\Fld@charsize=\dimen166
Package hyperref Info: Hyper figures OFF on input line 6380.
Package hyperref Info: Link nesting OFF on input line 6385.
Package hyperref Info: Hyper index ON on input line 6388.
Package hyperref Info: backreferencing OFF on input line 6395.
Package hyperref Info: Link coloring OFF on input line 6400.
Package hyperref Info: Link coloring with OCG OFF on input line 6405.
Package hyperref Info: PDF/A mode OFF on input line 6410.
LaTeX Info: Redefining \ref on input line 6450.
LaTeX Info: Redefining \pageref on input line 6454.
\Hy@abspage=\count128

Package hyperref Message: Stopped early.

)
Package hyperref Info: Driver (autodetected): hxetex.
("C:\Program Files\MiKTeX 2.9\tex/latex/hyperref\hxetex.def"
File: hxetex.def 2018/11/30 v6.88e Hyperref driver for XeTeX
("C:\Program Files\MiKTeX 2.9\tex/latex/hyperref\puenc.def"
File: puenc.def 2018/11/30 v6.88e Hyperref: PDF Unicode definition (HO)
) ("C:\Program Files\MiKTeX 2.9\tex/generic/oberdiek\stringenc.sty"
Package: stringenc 2016/05/16 v1.11 Convert strings between diff. encodings (HO
)
)
\pdfm@box=\box41
\c@Hy@AnnotLevel=\count129
\HyField@AnnotCount=\count130
\Fld@listcount=\count131
\c@bookmark@seq@number=\count132
("C:\Program Files\MiKTeX 2.9\tex/latex/oberdiek\rerunfilecheck.sty"
Package: rerunfilecheck 2016/05/16 v1.8 Rerun checks for auxiliary files (HO)
Package uniquecounter Info: New unique counter `rerunfilecheck' on input line 2
82.
)) ("C:\Program Files\MiKTeX 2.9\tex/generic/oberdiek\se-ascii-print.def"
File: se-ascii-print.def 2016/05/16 v1.11 stringenc: Printable ASCII characters

) ("C:\Program Files\MiKTeX 2.9\tex/latex/beamer\beamerbaserequires.sty" ("C:\P
rogram Files\MiKTeX 2.9\tex/latex/beamer\beamerbasecompatibility.sty") ("C:\Pro
gram Files\MiKTeX 2.9\tex/latex/beamer\beamerbasefont.sty" ("C:\Program Files\M
iKTeX 2.9\tex/latex/amsfonts\amssymb.sty"
Package: amssymb 2013/01/14 v3.01 AMS font symbols
("C:\Program Files\MiKTeX 2.9\tex/latex/amsfonts\amsfonts.sty"
Package: amsfonts 2013/01/14 v3.01 Basic AMSFonts support
\@emptytoks=\toks26
\symAMSa=\mathgroup4
\symAMSb=\mathgroup5
LaTeX Font Info:    Overwriting math alphabet `\mathfrak' in version `bold'
(Font)                  U/euf/m/n --> U/euf/b/n on input line 106.
)) ("C:\Program Files\MiKTeX 2.9\tex/latex/sansmathaccent\sansmathaccent.sty"
Package: sansmathaccent 2013/03/28
("C:\Program Files\MiKTeX 2.9\tex/latex/filehook\filehook.sty"
Package: filehook 2011/10/12 v0.5d Hooks for input files
))) ("C:\Program Files\MiKTeX 2.9\tex/latex/beamer\beamerbasetranslator.sty" ("
C:\Program Files\MiKTeX 2.9\tex/latex/translator\translator.sty"
Package: translator 2018/01/04 v1.12 Easy translation of strings in LaTeX
)) ("C:\Program Files\MiKTeX 2.9\tex/latex/beamer\beamerbasemisc.sty") ("C:\Pro
gram Files\MiKTeX 2.9\tex/latex/beamer\beamerbasetwoscreens.sty") ("C:\Program 
Files\MiKTeX 2.9\tex/latex/beamer\beamerbaseoverlay.sty"
\beamer@argscount=\count133
\beamer@lastskipcover=\skip44
\beamer@trivlistdepth=\count134
) ("C:\Program Files\MiKTeX 2.9\tex/latex/beamer\beamerbasetitle.sty") ("C:\Pro
gram Files\MiKTeX 2.9\tex/latex/beamer\beamerbasesection.sty"
\c@lecture=\count135
\c@part=\count136
\c@section=\count137
\c@subsection=\count138
\c@subsubsection=\count139
) ("C:\Program Files\MiKTeX 2.9\tex/latex/beamer\beamerbaseframe.sty"
\beamer@framebox=\box42
\beamer@frametitlebox=\box43
\beamer@zoombox=\box44
\beamer@zoomcount=\count140
\beamer@zoomframecount=\count141
\beamer@frametextheight=\dimen167
\c@subsectionslide=\count142
\beamer@frametopskip=\skip45
\beamer@framebottomskip=\skip46
\beamer@frametopskipautobreak=\skip47
\beamer@framebottomskipautobreak=\skip48
\beamer@envbody=\toks27
\framewidth=\dimen168
\c@framenumber=\count143
) ("C:\Program Files\MiKTeX 2.9\tex/latex/beamer\beamerbaseverbatim.sty"
\beamer@verbatimfileout=\write4
) ("C:\Program Files\MiKTeX 2.9\tex/latex/beamer\beamerbaseframesize.sty"
\beamer@splitbox=\box45
\beamer@autobreakcount=\count144
\beamer@autobreaklastheight=\dimen169
\beamer@frametitletoks=\toks28
\beamer@framesubtitletoks=\toks29
) ("C:\Program Files\MiKTeX 2.9\tex/latex/beamer\beamerbaseframecomponents.sty"
\beamer@footins=\box46
) ("C:\Program Files\MiKTeX 2.9\tex/latex/beamer\beamerbasecolor.sty") ("C:\Pro
gram Files\MiKTeX 2.9\tex/latex/beamer\beamerbasenotes.sty"
\beamer@frameboxcopy=\box47
) ("C:\Program Files\MiKTeX 2.9\tex/latex/beamer\beamerbasetoc.sty") ("C:\Progr
am Files\MiKTeX 2.9\tex/latex/beamer\beamerbasetemplates.sty"
\beamer@sbttoks=\toks30
("C:\Program Files\MiKTeX 2.9\tex/latex/beamer\beamerbaseauxtemplates.sty" ("C:
\Program Files\MiKTeX 2.9\tex/latex/beamer\beamerbaseboxes.sty"
\bmb@box=\box48
\bmb@colorbox=\box49
\bmb@boxshadow=\box50
\bmb@boxshadowball=\box51
\bmb@boxshadowballlarge=\box52
\bmb@temp=\dimen170
\bmb@dima=\dimen171
\bmb@dimb=\dimen172
\bmb@prevheight=\dimen173
)
\beamer@blockheadheight=\dimen174
)) ("C:\Program Files\MiKTeX 2.9\tex/latex/beamer\beamerbaselocalstructure.sty"
("C:\Program Files\MiKTeX 2.9\tex/latex/tools\enumerate.sty"
Package: enumerate 2015/07/23 v3.00 enumerate extensions (DPC)
\@enLab=\toks31
)
\c@figure=\count145
\c@table=\count146
\abovecaptionskip=\skip49
\belowcaptionskip=\skip50
) ("C:\Program Files\MiKTeX 2.9\tex/latex/beamer\beamerbasenavigation.sty"
\beamer@section@min@dim=\dimen175
) ("C:\Program Files\MiKTeX 2.9\tex/latex/beamer\beamerbasetheorems.sty" ("C:\P
rogram Files\MiKTeX 2.9\tex/latex/amsmath\amsmath.sty"
Package: amsmath 2018/12/01 v2.17b AMS math features
\@mathmargin=\skip51
For additional information on amsmath, use the `?' option.
("C:\Program Files\MiKTeX 2.9\tex/latex/amsmath\amstext.sty"
Package: amstext 2000/06/29 v2.01 AMS text
("C:\Program Files\MiKTeX 2.9\tex/latex/amsmath\amsgen.sty"
File: amsgen.sty 1999/11/30 v2.0 generic functions
\@emptytoks=\toks32
\ex@=\dimen176
)) ("C:\Program Files\MiKTeX 2.9\tex/latex/amsmath\amsbsy.sty"
Package: amsbsy 1999/11/29 v1.2d Bold Symbols
\pmbraise@=\dimen177
) ("C:\Program Files\MiKTeX 2.9\tex/latex/amsmath\amsopn.sty"
Package: amsopn 2016/03/08 v2.02 operator names
)
\inf@bad=\count147
LaTeX Info: Redefining \frac on input line 223.
\uproot@=\count148
\leftroot@=\count149
LaTeX Info: Redefining \overline on input line 385.
\classnum@=\count150
\DOTSCASE@=\count151
LaTeX Info: Redefining \ldots on input line 482.
LaTeX Info: Redefining \dots on input line 485.
LaTeX Info: Redefining \cdots on input line 606.
\Mathstrutbox@=\box53
\strutbox@=\box54
\big@size=\dimen178
LaTeX Font Info:    Redeclaring font encoding OML on input line 729.
LaTeX Font Info:    Redeclaring font encoding OMS on input line 730.
\macc@depth=\count152
\c@MaxMatrixCols=\count153
\dotsspace@=\muskip11
\c@parentequation=\count154
\dspbrk@lvl=\count155
\tag@help=\toks33
\row@=\count156
\column@=\count157
\maxfields@=\count158
\andhelp@=\toks34
\eqnshift@=\dimen179
\alignsep@=\dimen180
\tagshift@=\dimen181
\tagwidth@=\dimen182
\totwidth@=\dimen183
\lineht@=\dimen184
\@envbody=\toks35
\multlinegap=\skip52
\multlinetaggap=\skip53
\mathdisplay@stack=\toks36
LaTeX Info: Redefining \[ on input line 2844.
LaTeX Info: Redefining \] on input line 2845.
) ("C:\Program Files\MiKTeX 2.9\tex/latex/amscls\amsthm.sty"
Package: amsthm 2017/10/31 v2.20.4
\thm@style=\toks37
\thm@bodyfont=\toks38
\thm@headfont=\toks39
\thm@notefont=\toks40
\thm@headpunct=\toks41
\thm@preskip=\skip54
\thm@postskip=\skip55
\thm@headsep=\skip56
\dth@everypar=\toks42
)
\c@theorem=\count159
) ("C:\Program Files\MiKTeX 2.9\tex/latex/beamer\beamerbasethemes.sty")) ("C:\P
rogram Files\MiKTeX 2.9\tex/latex/beamer\beamerthemedefault.sty" ("C:\Program F
iles\MiKTeX 2.9\tex/latex/beamer\beamerfontthemedefault.sty") ("C:\Program File
s\MiKTeX 2.9\tex/latex/beamer\beamercolorthemedefault.sty") ("C:\Program Files\
MiKTeX 2.9\tex/latex/beamer\beamerinnerthemedefault.sty"
\beamer@dima=\dimen185
\beamer@dimb=\dimen186
) ("C:\Program Files\MiKTeX 2.9\tex/latex/beamer\beamerouterthemedefault.sty"))
) ("C:\Program Files\MiKTeX 2.9\tex/latex/beamer\beamerthemeWarsaw.sty" ("C:\Pr
ogram Files\MiKTeX 2.9\tex/latex/beamer\beamerinnerthemerounded.sty") ("C:\Prog
ram Files\MiKTeX 2.9\tex/latex/beamer\beamerouterthemeshadow.sty" ("C:\Program 
Files\MiKTeX 2.9\tex/latex/beamer\beamerouterthemesplit.sty")) ("C:\Program Fil
es\MiKTeX 2.9\tex/latex/beamer\beamercolorthemeorchid.sty") ("C:\Program Files\
MiKTeX 2.9\tex/latex/beamer\beamercolorthemewhale.sty")) ("C:\Program Files\MiK
TeX 2.9\tex/latex/base\fixltx2e.sty"
Package: fixltx2e 2016/12/29 v2.1a fixes to LaTeX (obsolete)
Applying: [2015/01/01] Old fixltx2e package on input line 46.

Package fixltx2e Warning: fixltx2e is not required with releases after 2015
(fixltx2e)                All fixes are now in the LaTeX kernel.
(fixltx2e)                See the latexrelease package for details.

Already applied: [0000/00/00] Old fixltx2e package on input line 53.
) ("C:\Program Files\MiKTeX 2.9\tex/latex/lm\lmodern.sty"
Package: lmodern 2009/10/30 v1.6 Latin Modern Fonts
LaTeX Font Info:    Overwriting symbol font `operators' in version `normal'
(Font)                  OT1/cmr/m/n --> OT1/lmr/m/n on input line 22.
LaTeX Font Info:    Overwriting symbol font `letters' in version `normal'
(Font)                  OML/cmm/m/it --> OML/lmm/m/it on input line 23.
LaTeX Font Info:    Overwriting symbol font `symbols' in version `normal'
(Font)                  OMS/cmsy/m/n --> OMS/lmsy/m/n on input line 24.
LaTeX Font Info:    Overwriting symbol font `largesymbols' in version `normal'
(Font)                  OMX/cmex/m/n --> OMX/lmex/m/n on input line 25.
LaTeX Font Info:    Overwriting symbol font `operators' in version `bold'
(Font)                  OT1/cmr/bx/n --> OT1/lmr/bx/n on input line 26.
LaTeX Font Info:    Overwriting symbol font `letters' in version `bold'
(Font)                  OML/cmm/b/it --> OML/lmm/b/it on input line 27.
LaTeX Font Info:    Overwriting symbol font `symbols' in version `bold'
(Font)                  OMS/cmsy/b/n --> OMS/lmsy/b/n on input line 28.
LaTeX Font Info:    Overwriting symbol font `largesymbols' in version `bold'
(Font)                  OMX/cmex/m/n --> OMX/lmex/m/n on input line 29.
LaTeX Font Info:    Overwriting math alphabet `\mathbf' in version `normal'
(Font)                  OT1/cmr/bx/n --> OT1/lmr/bx/n on input line 31.
LaTeX Font Info:    Overwriting math alphabet `\mathsf' in version `normal'
(Font)                  OT1/cmss/m/n --> OT1/lmss/m/n on input line 32.
LaTeX Font Info:    Overwriting math alphabet `\mathit' in version `normal'
(Font)                  OT1/cmr/m/it --> OT1/lmr/m/it on input line 33.
LaTeX Font Info:    Overwriting math alphabet `\mathtt' in version `normal'
(Font)                  OT1/cmtt/m/n --> OT1/lmtt/m/n on input line 34.
LaTeX Font Info:    Overwriting math alphabet `\mathbf' in version `bold'
(Font)                  OT1/cmr/bx/n --> OT1/lmr/bx/n on input line 35.
LaTeX Font Info:    Overwriting math alphabet `\mathsf' in version `bold'
(Font)                  OT1/cmss/bx/n --> OT1/lmss/bx/n on input line 36.
LaTeX Font Info:    Overwriting math alphabet `\mathit' in version `bold'
(Font)                  OT1/cmr/bx/it --> OT1/lmr/bx/it on input line 37.
LaTeX Font Info:    Overwriting math alphabet `\mathtt' in version `bold'
(Font)                  OT1/cmtt/m/n --> OT1/lmtt/m/n on input line 38.
) ("C:\Program Files\MiKTeX 2.9\tex/xelatex/xecjk\xecjk.sty" ("C:\Program Files
\MiKTeX 2.9\tex/latex/l3kernel\expl3.sty"
Package: expl3 2019-04-06 L3 programming layer (loader) 
("C:\Program Files\MiKTeX 2.9\tex/latex/l3kernel\expl3-code.tex"
Package: expl3 2019-04-06 L3 programming layer (code)
\c_max_int=\count160
\l_tmpa_int=\count161
\l_tmpb_int=\count162
\g_tmpa_int=\count163
\g_tmpb_int=\count164
\g__kernel_prg_map_int=\count165
\c__ior_term_ior=\count166
\c_log_iow=\count167
\l_iow_line_count_int=\count168
\l__iow_line_target_int=\count169
\l__iow_one_indent_int=\count170
\l__iow_indent_int=\count171
\c_zero_dim=\dimen187
\c_max_dim=\dimen188
\l_tmpa_dim=\dimen189
\l_tmpb_dim=\dimen190
\g_tmpa_dim=\dimen191
\g_tmpb_dim=\dimen192
\c_zero_skip=\skip57
\c_max_skip=\skip58
\l_tmpa_skip=\skip59
\l_tmpb_skip=\skip60
\g_tmpa_skip=\skip61
\g_tmpb_skip=\skip62
\c_zero_muskip=\muskip12
\c_max_muskip=\muskip13
\l_tmpa_muskip=\muskip14
\l_tmpb_muskip=\muskip15
\g_tmpa_muskip=\muskip16
\g_tmpb_muskip=\muskip17
\l_keys_choice_int=\count172
\l__intarray_loop_int=\count173
\c__intarray_sp_dim=\dimen193
\g__intarray_font_int=\count174
\c__fp_leading_shift_int=\count175
\c__fp_middle_shift_int=\count176
\c__fp_trailing_shift_int=\count177
\c__fp_big_leading_shift_int=\count178
\c__fp_big_middle_shift_int=\count179
\c__fp_big_trailing_shift_int=\count180
\c__fp_Bigg_leading_shift_int=\count181
\c__fp_Bigg_middle_shift_int=\count182
\c__fp_Bigg_trailing_shift_int=\count183
\g__fp_array_int=\count184
\l__fp_array_loop_int=\count185
\l__sort_length_int=\count186
\l__sort_min_int=\count187
\l__sort_top_int=\count188
\l__sort_max_int=\count189
\l__sort_true_max_int=\count190
\l__sort_block_int=\count191
\l__sort_begin_int=\count192
\l__sort_end_int=\count193
\l__sort_A_int=\count194
\l__sort_B_int=\count195
\l__sort_C_int=\count196
\l__tl_analysis_normal_int=\count197
\l__tl_analysis_index_int=\count198
\l__tl_analysis_nesting_int=\count199
\l__tl_analysis_type_int=\count266
\l__regex_internal_a_int=\count267
\l__regex_internal_b_int=\count268
\l__regex_internal_c_int=\count269
\l__regex_balance_int=\count270
\l__regex_group_level_int=\count271
\l__regex_mode_int=\count272
\c__regex_cs_in_class_mode_int=\count273
\c__regex_cs_mode_int=\count274
\l__regex_catcodes_int=\count275
\l__regex_default_catcodes_int=\count276
\c__regex_catcode_L_int=\count277
\c__regex_catcode_O_int=\count278
\c__regex_catcode_A_int=\count279
\c__regex_all_catcodes_int=\count280
\l__regex_show_lines_int=\count281
\l__regex_min_state_int=\count282
\l__regex_max_state_int=\count283
\l__regex_left_state_int=\count284
\l__regex_right_state_int=\count285
\l__regex_capturing_group_int=\count286
\l__regex_min_pos_int=\count287
\l__regex_max_pos_int=\count288
\l__regex_curr_pos_int=\count289
\l__regex_start_pos_int=\count290
\l__regex_success_pos_int=\count291
\l__regex_curr_char_int=\count292
\l__regex_curr_catcode_int=\count293
\l__regex_last_char_int=\count294
\l__regex_case_changed_char_int=\count295
\l__regex_curr_state_int=\count296
\l__regex_step_int=\count297
\l__regex_min_active_int=\count298
\l__regex_max_active_int=\count299
\l__regex_replacement_csnames_int=\count300
\l__regex_match_count_int=\count301
\l__regex_min_submatch_int=\count302
\l__regex_submatch_int=\count303
\l__regex_zeroth_submatch_int=\count304
\g__regex_trace_regex_int=\count305
\c_empty_box=\box55
\l_tmpa_box=\box56
\l_tmpb_box=\box57
\g_tmpa_box=\box58
\g_tmpb_box=\box59
\l__box_top_dim=\dimen194
\l__box_bottom_dim=\dimen195
\l__box_left_dim=\dimen196
\l__box_right_dim=\dimen197
\l__box_top_new_dim=\dimen198
\l__box_bottom_new_dim=\dimen199
\l__box_left_new_dim=\dimen256
\l__box_right_new_dim=\dimen257
\l__box_internal_box=\box60
\l__coffin_internal_box=\box61
\l__coffin_internal_dim=\dimen258
\l__coffin_offset_x_dim=\dimen259
\l__coffin_offset_y_dim=\dimen260
\l__coffin_x_dim=\dimen261
\l__coffin_y_dim=\dimen262
\l__coffin_x_prime_dim=\dimen263
\l__coffin_y_prime_dim=\dimen264
\c_empty_coffin=\box62
\l__coffin_aligned_coffin=\box63
\l__coffin_aligned_internal_coffin=\box64
\l_tmpa_coffin=\box65
\l_tmpb_coffin=\box66
\g_tmpa_coffin=\box67
\g_tmpb_coffin=\box68
\l__coffin_bounding_shift_dim=\dimen265
\l__coffin_left_corner_dim=\dimen266
\l__coffin_right_corner_dim=\dimen267
\l__coffin_bottom_corner_dim=\dimen268
\l__coffin_top_corner_dim=\dimen269
\l__coffin_scaled_total_height_dim=\dimen270
\l__coffin_scaled_width_dim=\dimen271
\c__coffin_empty_coffin=\box69
\l__coffin_display_coffin=\box70
\l__coffin_display_coord_coffin=\box71
\l__coffin_display_pole_coffin=\box72
\l__coffin_display_offset_dim=\dimen272
\l__coffin_display_x_dim=\dimen273
\l__coffin_display_y_dim=\dimen274
\g__file_internal_ior=\read2
\l__seq_internal_a_int=\count306
\l__seq_internal_b_int=\count307
\c__deprecation_minus_one=\count308
) ("C:\Program Files\MiKTeX 2.9\tex/latex/l3kernel\l3xdvipdfmx.def"
File: l3xdvipdfmx.def 2019-04-06 v L3 Experimental driver: xdvipdfmx
\g__driver_image_int=\count309
\g__driver_pdf_object_int=\count310
))

LaTeX Warning: You have requested package `xecjk',
               but the package provides `xeCJK'.

Package: xeCJK 2019/04/07 v3.7.2 Typesetting CJK scripts with XeLaTeX
("C:\Program Files\MiKTeX 2.9\tex/latex/l3packages/xtemplate\xtemplate.sty"
Package: xtemplate 2019-03-05 L3 Experimental prototype document functions
\l__xtemplate_tmp_dim=\dimen275
\l__xtemplate_tmp_int=\count311
\l__xtemplate_tmp_muskip=\muskip18
\l__xtemplate_tmp_skip=\skip63
) ("C:\Program Files\MiKTeX 2.9\tex/latex/l3packages/xparse\xparse.sty"
Package: xparse 2019-03-05 L3 Experimental document command parser
\l__xparse_current_arg_int=\count312
\g__xparse_grabber_int=\count313
\l__xparse_m_args_int=\count314
\l__xparse_v_nesting_int=\count315
) ("C:\Program Files\MiKTeX 2.9\tex/latex/l3packages/l3keys2e\l3keys2e.sty"
Package: l3keys2e 2019-03-05 LaTeX2e option processing using LaTeX3 keys
)
\l__xeCJK_tmp_int=\count316
\l__xeCJK_tmp_box=\box73
\l__xeCJK_tmp_dim=\dimen276
\l__xeCJK_tmp_skip=\skip64
\g__xeCJK_space_factor_int=\count317
\l__xeCJK_begin_int=\count318
\l__xeCJK_end_int=\count319
\c__xeCJK_CJK_class_int=\XeTeXcharclass1
\c__xeCJK_FullLeft_class_int=\XeTeXcharclass2
\c__xeCJK_FullRight_class_int=\XeTeXcharclass3
\c__xeCJK_HalfLeft_class_int=\XeTeXcharclass4
\c__xeCJK_HalfRight_class_int=\XeTeXcharclass5
\c__xeCJK_NormalSpace_class_int=\XeTeXcharclass6
\c__xeCJK_CM_class_int=\XeTeXcharclass7
\c__xeCJK_HangulJamo_class_int=\XeTeXcharclass8
\l__xeCJK_last_skip=\skip65
\g__xeCJK_node_int=\count320
\c__xeCJK_CJK_node_dim=\dimen277
\c__xeCJK_CJK-space_node_dim=\dimen278
\c__xeCJK_default_node_dim=\dimen279
\c__xeCJK_default-space_node_dim=\dimen280
\c__xeCJK_CJK-widow_node_dim=\dimen281
\c__xeCJK_normalspace_node_dim=\dimen282
\l__xeCJK_ccglue_skip=\skip66
\l__xeCJK_ecglue_skip=\skip67
\l__xeCJK_punct_kern_skip=\skip68
\l__xeCJK_last_penalty_int=\count321
\l__xeCJK_last_bound_dim=\dimen283
\l__xeCJK_last_kern_dim=\dimen284
\l__xeCJK_widow_penalty_int=\count322

Package xtemplate Info: Declaring object type 'xeCJK/punctuation' taking 0
(xtemplate)             argument(s) on line 2352.

\l__xeCJK_fixed_punct_width_dim=\dimen285
\l__xeCJK_mixed_punct_width_dim=\dimen286
\l__xeCJK_middle_punct_width_dim=\dimen287
\l__xeCJK_fixed_margin_width_dim=\dimen288
\l__xeCJK_mixed_margin_width_dim=\dimen289
\l__xeCJK_middle_margin_width_dim=\dimen290
\l__xeCJK_bound_punct_width_dim=\dimen291
\l__xeCJK_bound_margin_width_dim=\dimen292
\l__xeCJK_margin_minimum_dim=\dimen293
\l__xeCJK_kerning_total_width_dim=\dimen294
\l__xeCJK_same_align_margin_dim=\dimen295
\l__xeCJK_different_align_margin_dim=\dimen296
\l__xeCJK_kerning_margin_width_dim=\dimen297
\l__xeCJK_kerning_margin_minimum_dim=\dimen298
\l__xeCJK_bound_dim=\dimen299
\l__xeCJK_reverse_bound_dim=\dimen300
\l__xeCJK_minimum_bound_dim=\dimen301
\l__xeCJK_kerning_margin_dim=\dimen302
\l__xeCJK_original_margin_dim=\dimen303
\g__xeCJK_family_int=\count323
\l__xeCJK_fam_int=\count324
\g__xeCJK_fam_allocation_int=\count325
\l__xeCJK_verb_case_int=\count326
\l__xeCJK_verb_exspace_skip=\skip69
("C:\Program Files\MiKTeX 2.9\tex/latex/fontspec\fontspec.sty"
Package: fontspec 2019/03/15 v2.7c Font selection for XeLaTeX and LuaLaTeX
("C:\Program Files\MiKTeX 2.9\tex/latex/fontspec\fontspec-xetex.sty"
Package: fontspec-xetex 2019/03/15 v2.7c Font selection for XeLaTeX and LuaLaTe
X
\l__fontspec_script_int=\count327
\l__fontspec_language_int=\count328
\l__fontspec_strnum_int=\count329
\l__fontspec_tmp_int=\count330
\l__fontspec_tmpa_int=\count331
\l__fontspec_tmpb_int=\count332
\l__fontspec_tmpc_int=\count333
\l__fontspec_em_int=\count334
\l__fontspec_emdef_int=\count335
\l__fontspec_strong_int=\count336
\l__fontspec_strongdef_int=\count337
\l__fontspec_tmpa_dim=\dimen304
\l__fontspec_tmpb_dim=\dimen305
\l__fontspec_tmpc_dim=\dimen306
("C:\Program Files\MiKTeX 2.9\tex/latex/base\fontenc.sty"
Package: fontenc 2018/08/11 v2.0j Standard LaTeX package
("C:\Program Files\MiKTeX 2.9\tex/latex/base\tuenc.def"
File: tuenc.def 2018/08/11 v2.0j Standard LaTeX file
LaTeX Font Info:    Redeclaring font encoding TU on input line 82.
)) ("C:\Program Files\MiKTeX 2.9\tex/latex/fontspec\fontspec.cfg")
LaTeX Info: Redefining \itshape on input line 4051.
LaTeX Info: Redefining \slshape on input line 4056.
LaTeX Info: Redefining \scshape on input line 4061.
LaTeX Info: Redefining \upshape on input line 4066.
LaTeX Info: Redefining \em on input line 4096.
LaTeX Info: Redefining \emph on input line 4121.
LaTeX Font Info:    Font shape `TU/lmss/m/it' in size <10.95> not available
(Font)              Font shape `TU/lmss/m/sl' tried instead on input line 4171.

)) ("C:\Program Files\MiKTeX 2.9\tex/xelatex/xecjk\xeCJK.cfg"
File: xeCJK.cfg 2019/04/07 v3.7.2 Configuration file for xeCJK package
)) ("C:\Program Files\MiKTeX 2.9\tex/latex/xltxtra\xltxtra.sty"
Package: xltxtra 2018/12/31 v0.7 Improvements for the "XeLaTeX" format
("C:\Program Files\MiKTeX 2.9\tex/latex/realscripts\realscripts.sty"
Package: realscripts 2016/02/13 v0.3d Access OpenType subscripts and superscrip
ts
\subsupersep=\dimen307
) ("C:\Program Files\MiKTeX 2.9\tex/latex/metalogo\metalogo.sty"
Package: metalogo 2010/05/29 v0.12 Extended TeX logo macros
\xl@everylogo=\toks43
\xl@@everylogo=\toks44
LaTeX Info: Redefining \TeX on input line 193.
LaTeX Info: Redefining \LaTeX on input line 202.
LaTeX Info: Redefining \LaTeXe on input line 219.
)
\l__xetex_show_hyphens_wrapping_box=\box74
\l__xetex_show_hyphens_temp_box=\box75
\l__xetex_show_hyphens_final_box=\box76
\g__xetex_show_hyphens_word_box=\box77
) ("C:\Program Files\MiKTeX 2.9\tex/xelatex/xunicode\xunicode.sty"
File: xunicode.sty 2011/09/09 v0.981 provides access to latin accents and many 
other characters in Unicode lower plane
("C:\Program Files\MiKTeX 2.9\tex/latex/tipa\t3enc.def"
File: t3enc.def 2001/12/31 T3 encoding
)
\tipaTiiicode=\count338
\tipasavetokens=\toks45
\tipachecktokens=\toks46
) ("C:\Program Files\MiKTeX 2.9\tex/latex/upquote\upquote.sty"
Package: upquote 2012/04/19 v1.3 upright-quote and grave-accent glyphs in verba
tim
("C:\Program Files\MiKTeX 2.9\tex/latex/base\textcomp.sty"
Package: textcomp 2018/08/11 v2.0j Standard LaTeX package
Package textcomp Info: Sub-encoding information:
(textcomp)               5 = only ISO-Adobe without \textcurrency
(textcomp)               4 = 5 + \texteuro
(textcomp)               3 = 4 + \textohm
(textcomp)               2 = 3 + \textestimated + \textcurrency
(textcomp)               1 = TS1 - \textcircled - \t
(textcomp)               0 = TS1 (full)
(textcomp)             Font families with sub-encoding setting implement
(textcomp)             only a restricted character set as indicated.
(textcomp)             Family '?' is the default used for unknown fonts.
(textcomp)             See the documentation for details.
Package textcomp Info: Setting ? sub-encoding to TS1/1 on input line 79.
("C:\Program Files\MiKTeX 2.9\tex/latex/base\ts1enc.def"
File: ts1enc.def 2001/06/05 v3.0e (jk/car/fm) Standard LaTeX file
)
LaTeX Info: Redefining \oldstylenums on input line 334.
Package textcomp Info: Setting cmr sub-encoding to TS1/0 on input line 349.
Package textcomp Info: Setting cmss sub-encoding to TS1/0 on input line 350.
Package textcomp Info: Setting cmtt sub-encoding to TS1/0 on input line 351.
Package textcomp Info: Setting cmvtt sub-encoding to TS1/0 on input line 352.
Package textcomp Info: Setting cmbr sub-encoding to TS1/0 on input line 353.
Package textcomp Info: Setting cmtl sub-encoding to TS1/0 on input line 354.
Package textcomp Info: Setting ccr sub-encoding to TS1/0 on input line 355.
Package textcomp Info: Setting ptm sub-encoding to TS1/4 on input line 356.
Package textcomp Info: Setting pcr sub-encoding to TS1/4 on input line 357.
Package textcomp Info: Setting phv sub-encoding to TS1/4 on input line 358.
Package textcomp Info: Setting ppl sub-encoding to TS1/3 on input line 359.
Package textcomp Info: Setting pag sub-encoding to TS1/4 on input line 360.
Package textcomp Info: Setting pbk sub-encoding to TS1/4 on input line 361.
Package textcomp Info: Setting pnc sub-encoding to TS1/4 on input line 362.
Package textcomp Info: Setting pzc sub-encoding to TS1/4 on input line 363.
Package textcomp Info: Setting bch sub-encoding to TS1/4 on input line 364.
Package textcomp Info: Setting put sub-encoding to TS1/5 on input line 365.
Package textcomp Info: Setting uag sub-encoding to TS1/5 on input line 366.
Package textcomp Info: Setting ugq sub-encoding to TS1/5 on input line 367.
Package textcomp Info: Setting ul8 sub-encoding to TS1/4 on input line 368.
Package textcomp Info: Setting ul9 sub-encoding to TS1/4 on input line 369.
Package textcomp Info: Setting augie sub-encoding to TS1/5 on input line 370.
Package textcomp Info: Setting dayrom sub-encoding to TS1/3 on input line 371.
Package textcomp Info: Setting dayroms sub-encoding to TS1/3 on input line 372.

Package textcomp Info: Setting pxr sub-encoding to TS1/0 on input line 373.
Package textcomp Info: Setting pxss sub-encoding to TS1/0 on input line 374.
Package textcomp Info: Setting pxtt sub-encoding to TS1/0 on input line 375.
Package textcomp Info: Setting txr sub-encoding to TS1/0 on input line 376.
Package textcomp Info: Setting txss sub-encoding to TS1/0 on input line 377.
Package textcomp Info: Setting txtt sub-encoding to TS1/0 on input line 378.
Package textcomp Info: Setting lmr sub-encoding to TS1/0 on input line 379.
Package textcomp Info: Setting lmdh sub-encoding to TS1/0 on input line 380.
Package textcomp Info: Setting lmss sub-encoding to TS1/0 on input line 381.
Package textcomp Info: Setting lmssq sub-encoding to TS1/0 on input line 382.
Package textcomp Info: Setting lmvtt sub-encoding to TS1/0 on input line 383.
Package textcomp Info: Setting lmtt sub-encoding to TS1/0 on input line 384.
Package textcomp Info: Setting qhv sub-encoding to TS1/0 on input line 385.
Package textcomp Info: Setting qag sub-encoding to TS1/0 on input line 386.
Package textcomp Info: Setting qbk sub-encoding to TS1/0 on input line 387.
Package textcomp Info: Setting qcr sub-encoding to TS1/0 on input line 388.
Package textcomp Info: Setting qcs sub-encoding to TS1/0 on input line 389.
Package textcomp Info: Setting qpl sub-encoding to TS1/0 on input line 390.
Package textcomp Info: Setting qtm sub-encoding to TS1/0 on input line 391.
Package textcomp Info: Setting qzc sub-encoding to TS1/0 on input line 392.
Package textcomp Info: Setting qhvc sub-encoding to TS1/0 on input line 393.
Package textcomp Info: Setting futs sub-encoding to TS1/4 on input line 394.
Package textcomp Info: Setting futx sub-encoding to TS1/4 on input line 395.
Package textcomp Info: Setting futj sub-encoding to TS1/4 on input line 396.
Package textcomp Info: Setting hlh sub-encoding to TS1/3 on input line 397.
Package textcomp Info: Setting hls sub-encoding to TS1/3 on input line 398.
Package textcomp Info: Setting hlst sub-encoding to TS1/3 on input line 399.
Package textcomp Info: Setting hlct sub-encoding to TS1/5 on input line 400.
Package textcomp Info: Setting hlx sub-encoding to TS1/5 on input line 401.
Package textcomp Info: Setting hlce sub-encoding to TS1/5 on input line 402.
Package textcomp Info: Setting hlcn sub-encoding to TS1/5 on input line 403.
Package textcomp Info: Setting hlcw sub-encoding to TS1/5 on input line 404.
Package textcomp Info: Setting hlcf sub-encoding to TS1/5 on input line 405.
Package textcomp Info: Setting pplx sub-encoding to TS1/3 on input line 406.
Package textcomp Info: Setting pplj sub-encoding to TS1/3 on input line 407.
Package textcomp Info: Setting ptmx sub-encoding to TS1/4 on input line 408.
Package textcomp Info: Setting ptmj sub-encoding to TS1/4 on input line 409.
)) ("C:\Program Files\MiKTeX 2.9\tex/latex/microtype\microtype.sty"
Package: microtype 2019/02/28 v2.7b Micro-typographical refinements (RS)
\MT@toks=\toks47
\MT@count=\count339
LaTeX Info: Redefining \textls on input line 790.
\MT@outer@kern=\dimen308
LaTeX Info: Redefining \textmicrotypecontext on input line 1336.
\MT@listname@count=\count340
("C:\Program Files\MiKTeX 2.9\tex/latex/microtype\microtype-xetex.def"
File: microtype-xetex.def 2019/02/28 v2.7b Definitions specific to xetex (RS)
LaTeX Info: Redefining \lsstyle on input line 258.
)
Package microtype Info: Loading configuration file microtype.cfg.
("C:\Program Files\MiKTeX 2.9\tex/latex/microtype\microtype.cfg"
File: microtype.cfg 2019/02/28 v2.7b microtype main configuration file (RS)
)) ("C:\Program Files\MiKTeX 2.9\tex/latex/tools\longtable.sty"
Package: longtable 2014/10/28 v4.11 Multi-page Table package (DPC)+ FMi change
\LTleft=\skip70
\LTright=\skip71
\LTpre=\skip72
\LTpost=\skip73
\LTchunksize=\count341
\LTcapwidth=\dimen309
\LT@head=\box78
\LT@firsthead=\box79
\LT@foot=\box80
\LT@lastfoot=\box81
\LT@cols=\count342
\LT@rows=\count343
\c@LT@tables=\count344
\c@LT@chunks=\count345
\LT@p@ftn=\toks48
) ("C:\Program Files\MiKTeX 2.9\tex/latex/booktabs\booktabs.sty"
Package: booktabs 2005/04/14 v1.61803 publication quality tables
\heavyrulewidth=\dimen310
\lightrulewidth=\dimen311
\cmidrulewidth=\dimen312
\belowrulesep=\dimen313
\belowbottomsep=\dimen314
\aboverulesep=\dimen315
\abovetopsep=\dimen316
\cmidrulesep=\dimen317
\cmidrulekern=\dimen318
\defaultaddspace=\dimen319
\@cmidla=\count346
\@cmidlb=\count347
\@aboverulesep=\dimen320
\@belowrulesep=\dimen321
\@thisruleclass=\count348
\@lastruleclass=\count349
\@thisrulewidth=\dimen322
) ("C:\Program Files\MiKTeX 2.9\tex/latex/caption\caption.sty"
Package: caption 2018/10/06 v3.3-154 Customizing captions (AR)
("C:\Program Files\MiKTeX 2.9\tex/latex/caption\caption3.sty"
Package: caption3 2018/09/12 v1.8c caption3 kernel (AR)
Package caption3 Info: TeX engine: e-TeX on input line 64.
\captionmargin=\dimen323
\captionmargin@=\dimen324
\captionwidth=\dimen325
\caption@tempdima=\dimen326
\caption@indent=\dimen327
\caption@parindent=\dimen328
\caption@hangindent=\dimen329
)
\c@caption@flags=\count350
\c@ContinuedFloat=\count351
Package caption Info: beamer document class.
Package caption Info: hyperref package is loaded.
Package caption Info: Hyperref support is turned off
(caption)             because hyperref has stopped early.
Package caption Info: longtable package is loaded.
("C:\Program Files\MiKTeX 2.9\tex/latex/caption\ltcaption.sty"
Package: ltcaption 2018/08/26 v1.4-95 longtable captions (AR)
)) ("C:\Program Files\MiKTeX 2.9\tex/latex/ulem\ulem.sty"
\UL@box=\box82
\UL@hyphenbox=\box83
\UL@skip=\skip74
\UL@hook=\toks49
\UL@height=\dimen330
\UL@pe=\count352
\UL@pixel=\dimen331
\ULC@box=\box84
Package: ulem 2012/05/18
\ULdepth=\dimen332
)

Package xeCJK Warning: Fandol is being set as the default font for CJK text.
(xeCJK)                Please make sure it has been properly installed.


Package fontspec Warning: Font "FandolHei-Regular" does not contain requested
(fontspec)                Script "CJK".


Package fontspec Info: FandolHei-Regular scale = 0.9685413665685476.


Package fontspec Info: FandolHei-Regular scale = 0.9685413665685476.


Package fontspec Info: FandolHei-Bold scale = 0.9131366690678917.


Package fontspec Info: Font family 'FandolHei-Regular(0)' created for font
(fontspec)             'FandolHei-Regular' with options
(fontspec)             [Mapping=tex-text,Scale=MatchLowercase,Script={CJK},Exte
nsion={.otf},BoldFont={FandolHei-Bold}].
(fontspec)              
(fontspec)              This font family consists of the following NFSS
(fontspec)             series/shapes:
(fontspec)              
(fontspec)             - 'normal' (m/n) with NFSS spec.:
(fontspec)             <->s*[0.9685413665685476]"[FandolHei-Regular.otf]/OT:map
ping=tex-text;"
(fontspec)             - 'small caps'  (m/sc) with NFSS spec.: 
(fontspec)             - 'bold' (bx/n) with NFSS spec.:
(fontspec)             <->s*[0.9131366690678917]"[FandolHei-Bold.otf]/OT:mappin
g=tex-text;"
(fontspec)             - 'bold small caps'  (bx/sc) with NFSS spec.: 

("C:\Program Files\MiKTeX 2.9\tex/xelatex/xecjk\xunicode-addon.sty"
Package: xunicode-addon 2019/04/07 v3.7.2 addon file for xunicode
\l__xunadd_tmp_coffin=\box85
\l__xunadd_circle_coffin=\box86
\l_xunadd_slot_int=\count353
) ("C:\Program Files\MiKTeX 2.9\tex/xelatex/xunicode\xunicode.sty"
File: xunicode.sty 2011/09/09 v0.981 provides access to latin accents and many 
other characters in Unicode lower plane
*** Reloading Xunicode for encoding 'TU' ***
) ("C:\Program Files\MiKTeX 2.9\tex/xelatex/xecjk\xunicode-extra.def"
File: xunicode-extra.def 2019/04/07 v3.7.2 extra definition for xunicode
) ("C:\Program Files\MiKTeX 2.9\tex/xelatex/xecjk\xeCJKfntef.sty"
Package: xeCJKfntef 2019/04/07 v3.7.2 xeCJK font effect
("C:\Program Files\MiKTeX 2.9\tex/xelatex/xecjk\xeCJK.sty"
Package: xeCJK 2019/04/07 v3.7.2 Typesetting CJK scripts with XeLaTeX

! LaTeX3 Error: Message 'Require-XeTeX' for module 'xeCJK' already defined.

For immediate help type H <return>.
 ...                                              
                                                  
l.42   }
         
Here is how much of TeX's memory you used:
 39619 strings out of 427748
 763208 string characters out of 3150980
 866640 words of memory out of 3000000
 43225 multiletter control sequences out of 15000+200000
 532860 words of font info for 33 fonts, out of 3000000 for 9000
 1328 hyphenation exceptions out of 8191
 56i,0n,114p,791b,446s stack positions out of 5000i,500n,10000p,200000b,50000s

No pages of output.
